[debug] [2018-01-04T18:44:30.797Z] ----------------------------------------------------------------------
[debug] [2018-01-04T18:44:30.799Z] Command:       /usr/local/Cellar/node/8.1.3/bin/node /usr/local/bin/firebase serve
[debug] [2018-01-04T18:44:30.799Z] CLI Version:   3.16.0
[debug] [2018-01-04T18:44:30.799Z] Platform:      darwin
[debug] [2018-01-04T18:44:30.799Z] Node Version:  v8.1.3
[debug] [2018-01-04T18:44:30.800Z] Time:          Thu Jan 04 2018 19:44:30 GMT+0100 (CET)
[debug] [2018-01-04T18:44:30.800Z] ----------------------------------------------------------------------
[debug] 
[debug] [2018-01-04T18:44:30.816Z] > command requires scopes: ["email","openid","https://www.googleapis.com/auth/cloudplatformprojects.readonly","https://www.googleapis.com/auth/firebase","https://www.googleapis.com/auth/cloud-platform"]
[debug] [2018-01-04T18:44:30.816Z] > authorizing via signed-in user
[debug] [2018-01-04T18:44:30.818Z] > refreshing access token with scopes: ["email","https://www.googleapis.com/auth/cloud-platform","https://www.googleapis.com/auth/cloudplatformprojects.readonly","https://www.googleapis.com/auth/firebase","openid"]
[debug] [2018-01-04T18:44:30.819Z] >>> HTTP REQUEST POST https://www.googleapis.com/oauth2/v3/token  
 { refresh_token: '1/NxHAqbjMmzQXi57g09aowi8XzPDwFMk5QGvHy7lhq8E',
  client_id: '563584335869-fgrhgmd47bqnekij5i8b5pr03ho849e6.apps.googleusercontent.com',
  client_secret: 'j9iVZfS8kkCEFUPaAeJV0sAi',
  grant_type: 'refresh_token',
  scope: 'email https://www.googleapis.com/auth/cloud-platform https://www.googleapis.com/auth/cloudplatformprojects.readonly https://www.googleapis.com/auth/firebase openid' } 
 Thu Jan 04 2018 19:44:30 GMT+0100 (CET)
[debug] [2018-01-04T18:44:30.942Z] <<< HTTP RESPONSE 200
[debug] [2018-01-04T18:44:30.954Z] >>> HTTP REQUEST GET https://admin.firebase.com/v1/projects/homepage-1cf5b  
  
 Thu Jan 04 2018 19:44:30 GMT+0100 (CET)
[debug] [2018-01-04T18:44:31.888Z] <<< HTTP RESPONSE 200
[debug] [2018-01-04T18:44:31.890Z] >>> HTTP REQUEST GET https://admin.firebase.com/v1/database/homepage-1cf5b/tokens  
  
 Thu Jan 04 2018 19:44:31 GMT+0100 (CET)
[debug] [2018-01-04T18:44:32.574Z] <<< HTTP RESPONSE 200
[info] 
[info] === Serving from '/Users/magnus/dev/hello'...
[info] 
[debug] [2018-01-04T18:44:32.577Z] >>> HTTP REQUEST GET https://cloudresourcemanager.googleapis.com/v1/projects/homepage-1cf5b  
  
 Thu Jan 04 2018 19:44:32 GMT+0100 (CET)
[debug] [2018-01-04T18:44:33.439Z] <<< HTTP RESPONSE 200
[debug] [2018-01-04T18:44:33.440Z] >>> HTTP REQUEST GET https://mobilesdk-pa.googleapis.com/v1/projects/359082159191/clients/_:getWebAppConfig  
  
 Thu Jan 04 2018 19:44:33 GMT+0100 (CET)
[debug] [2018-01-04T18:44:34.112Z] <<< HTTP RESPONSE 200
[info] i  hosting: Serving hosting files from: public
[info] ✔  hosting: Local server: http://localhost:5000

